<?xml version="1.0" encoding="UTF-8"?>
<!-- Generated by org.testng.reporters.JUnitReportReporter -->
<testsuite hostname="Harshits-MacBook-Pro.local" failures="0" tests="4" name="com.imdb.web.IMDBTop250Test" time="36.624" errors="0" timestamp="28 May 2020 21:49:33 GMT" skipped="0">
  <testcase classname="com.imdb.web.IMDBTop250Test" name="verifySortingByRanking" time="11.677"/>
  <testcase classname="com.imdb.web.IMDBTop250Test" name="verifySortingByRatingIsNotEqualToReleaseDate" time="9.636"/>
  <testcase classname="com.imdb.web.IMDBTop250Test" name="verifySortingByRating" time="10.150"/>
  <testcase classname="com.imdb.web.IMDBTop250Test" name="verifySortingByReleaseDate" time="5.161"/>
</testsuite> <!-- com.imdb.web.IMDBTop250Test -->
